2024-03-28T16:13:43,577 [main] INFO  (EndtoEndAPIRequest.java:27) - The EndtoEndAPIRequest test execution started ....
2024-03-28T16:13:55,136 [main] INFO  (EndtoEndAPIRequest.java:163) - The EndtoEndAPIRequest test execution ended ....
2024-03-28T16:41:41,128 [main] INFO  (EndtoEndAPIRequest.java:28) - The EndtoEndAPIRequest test execution started ....
2024-03-28T16:41:45,709 [main] INFO  (BaseTest.java:34) - 
2024-03-28T16:42:52,312 [main] INFO  (EndtoEndAPIRequest.java:28) - The EndtoEndAPIRequest test execution started ....
2024-03-28T16:42:56,986 [main] INFO  (BaseTest.java:34) - 
2024-03-28T16:44:22,332 [main] INFO  (EndtoEndAPIRequest.java:27) - The EndtoEndAPIRequest test execution started ....
2024-03-28T16:44:31,755 [main] INFO  (EndtoEndAPIRequest.java:163) - The EndtoEndAPIRequest test execution ended ....
2024-03-28T16:47:50,824 [main] INFO  (EndtoEndAPIRequest.java:28) - The EndtoEndAPIRequest test execution started ....
2024-03-28T16:47:53,556 [main] ERROR (RestAssuredListener.java:23) - 
 Method => POST
 URI => https://restful-booker.herokuapp.com/booking
 Request body => {
    "firstname": "api testing",
    "lastname": "tutorial",
    "totalprice": 1000,
    "depositpaid": true,
    "bookingdates": {
        "checkin": "2018-01-01",
        "checkout": "2019-01-01"
    },
    "additionalneeds": "super bowls"
}
 Response body => {
    "bookingid": 3589,
    "booking": {
        "firstname": "api testing",
        "lastname": "tutorial",
        "totalprice": 1000,
        "depositpaid": true,
        "bookingdates": {
            "checkin": "2018-01-01",
            "checkout": "2019-01-01"
        },
        "additionalneeds": "super bowls"
    }
}
2024-03-28T16:47:53,578 [main] INFO  (BaseTest.java:34) - 
2024-03-28T16:50:15,458 [main] INFO  (EndtoEndAPIRequest.java:28) - The EndtoEndAPIRequest test execution started ....
2024-03-28T16:50:24,899 [main] INFO  (EndtoEndAPIRequest.java:165) - The EndtoEndAPIRequest test execution ended ....
2024-03-28T17:44:07,317 [main] INFO  (Allurereportgeneration.java:38) - The EndtoEndAPIRequest test execution started ....
2024-03-28T17:44:19,740 [main] INFO  (Allurereportgeneration.java:181) - The EndtoEndAPIRequest test execution ended ....
2024-03-28T17:58:23,922 [main] INFO  (EndtoEndAPIRequest.java:28) - The EndtoEndAPIRequest test execution started ....
2024-03-28T17:58:35,592 [main] INFO  (EndtoEndAPIRequest.java:170) - The EndtoEndAPIRequest test execution ended ....
2024-03-28T17:59:53,857 [main] INFO  (EndtoEndAPIRequest.java:28) - The EndtoEndAPIRequest test execution started ....
2024-03-28T18:00:04,993 [main] INFO  (EndtoEndAPIRequest.java:170) - The EndtoEndAPIRequest test execution ended ....
2024-03-28T18:01:30,976 [main] INFO  (EndtoEndAPIRequest.java:28) - The EndtoEndAPIRequest test execution started ....
2024-03-28T18:01:42,577 [main] INFO  (EndtoEndAPIRequest.java:170) - The EndtoEndAPIRequest test execution ended ....
2024-03-28T18:13:43,684 [main] INFO  (Allurereportgeneration.java:38) - The EndtoEndAPIRequest test execution started ....
2024-03-28T18:13:51,228 [main] INFO  (BaseTest.java:34) - 
